<?xml version="1.0" encoding="UTF-8"?>
<!-- Generated by org.testng.reporters.JUnitReportReporter -->
<testsuite hostname="YogaFire-LP" name="runners.MainRunner" tests="2" failures="0" timestamp="25 Dec 2018 14:51:27 GMT" time="1.531" errors="0">
  <testcase name="feature" time="1.397" classname="runners.MainRunner"/>
  <testcase name="feature" time="0.134" classname="runners.MainRunner"/>
</testsuite> <!-- runners.MainRunner -->
